#
# There is insufficient memory for the Java Runtime Environment to continue.
# Native memory allocation (malloc) failed to allocate 1031616 bytes for Chunk::new
# Possible reasons:
#   The system is out of physical RAM or swap space
#   The process is running with CompressedOops enabled, and the Java Heap may be blocking the growth of the native heap
# Possible solutions:
#   Reduce memory load on the system
#   Increase physical memory or swap space
#   Check if swap backing store is full
#   Decrease Java heap size (-Xmx/-Xms)
#   Decrease number of Java threads
#   Decrease Java thread stack sizes (-Xss)
#   Set larger code cache with -XX:ReservedCodeCacheSize=
#   JVM is running with Unscaled Compressed Oops mode in which the Java heap is
#     placed in the first 4GB address space. The Java Heap base address is the
#     maximum limit for the native heap growth. Please use -XX:HeapBaseMinAddress
#     to set the Java Heap base and to place the Java Heap above 4GB virtual address.
# This output file may be truncated or incomplete.
#
#  Out of Memory Error (allocation.cpp:389), pid=5872, tid=0x0000000000002a30
#
# JRE version: OpenJDK Runtime Environment (8.0_212-b04) (build 1.8.0_212-release-1586-b04)
# Java VM: OpenJDK 64-Bit Server VM (25.212-b04 mixed mode windows-amd64 compressed oops)
# Failed to write core dump. Minidumps are not enabled by default on client versions of Windows
#

---------------  T H R E A D  ---------------

Current thread (0x0000000017177000):  JavaThread "C2 CompilerThread1" daemon [_thread_in_native, id=10800, stack(0x00000000188e0000,0x00000000189e0000)]

Stack: [0x00000000188e0000,0x00000000189e0000]
[error occurred during error reporting (printing stack bounds), id 0xc0000005]

Native frames: (J=compiled Java code, j=interpreted, Vv=VM code, C=native code)


Current CompileTask:
C2:   3327 1824   !   4       java.net.URLClassLoader$1::run (63 bytes)


---------------  P R O C E S S  ---------------

Java Threads: ( => current thread )
  0x0000000018b11000 JavaThread "Service Thread" daemon [_thread_blocked, id=14168, stack(0x0000000018ee0000,0x0000000018fe0000)]
  0x0000000017180000 JavaThread "C1 CompilerThread2" daemon [_thread_blocked, id=208, stack(0x00000000189e0000,0x0000000018ae0000)]
=>0x0000000017177000 JavaThread "C2 CompilerThread1" daemon [_thread_in_native, id=10800, stack(0x00000000188e0000,0x00000000189e0000)]
  0x0000000017173000 JavaThread "C2 CompilerThread0" daemon [_thread_in_native, id=13444, stack(0x00000000187e0000,0x00000000188e0000)]
  0x0000000017171800 JavaThread "Attach Listener" daemon [_thread_blocked, id=3588, stack(0x00000000186e0000,0x00000000187e0000)]
  0x0000000017170000 JavaThread "Signal Dispatcher" daemon [_thread_blocked, id=11112, stack(0x00000000185e0000,0x00000000186e0000)]
  0x000000001715c800 JavaThread "Finalizer" daemon [_thread_blocked, id=180, stack(0x00000000183e0000,0x00000000184e0000)]
  0x0000000017159000 JavaThread "Reference Handler" daemon [_thread_blocked, id=4172, stack(0x00000000182e0000,0x00000000183e0000)]
  0x0000000002517000 JavaThread "main" [_thread_in_native, id=12816, stack(0x0000000002410000,0x0000000002510000)]

Other Threads:
  0x0000000017136800 VMThread [stack: 0x00000000181e0000,0x00000000182e0000] [id=11156]
  0x00000000171ce800 WatcherThread [stack: 0x0000000018fe0000,0x00000000190e0000] [id=3168]

VM state:not at safepoint (normal execution)

VM Mutex/Monitor currently owned by a thread: None

heap address: 0x0000000081600000, size: 2026 MB, Compressed Oops mode: 32-bit
Narrow klass base: 0x0000000000000000, Narrow klass shift: 3
Compressed class space size: 1073741824 Address: 0x0000000100000000

Heap:
 PSYoungGen      total 38400K, used 8404K [0x00000000d5d00000, 0x00000000d9680000, 0x0000000100000000)
  eden space 33280K, 9% used [0x00000000d5d00000,0x00000000d60366b0,0x00000000d7d80000)
  from space 5120K, 99% used [0x00000000d8280000,0x00000000d877ed08,0x00000000d8780000)
  to   space 5120K, 0% used [0x00000000d7d80000,0x00000000d7d80000,0x00000000d8280000)
 ParOldGen       total 65536K, used 10966K [0x0000000081600000, 0x0000000085600000, 0x00000000d5d00000)
  object space 65536K, 16% used [0x0000000081600000,0x00000000820b5910,0x0000000085600000)
 Metaspace       used 24617K, capacity 25098K, committed 25392K, reserved 1071104K
  class space    used 2943K, capacity 3084K, committed 3120K, reserved 1048576K

Card table byte_map: [0x00000000119d0000,0x0000000011dd0000] byte_map_base: 0x00000000115c5000

Marking Bits: (ParMarkBitMap*) 0x000000005e9d9f30
 Begin Bits: [0x0000000012480000, 0x0000000014428000)
 End Bits:   [0x0000000014428000, 0x00000000163d0000)

Polling page: 0x0000000000a30000

CodeCache: size=245760Kb used=5780Kb max_used=5780Kb free=239979Kb
 bounds [0x0000000002610000, 0x0000000002bc0000, 0x0000000011610000]
 total_blobs=2310 nmethods=1896 adapters=327
 compilation: enabled

Compilation events (10 events):
Event: 3.325 Thread 0x0000000017180000 1895       3       org.jetbrains.kotlin.metadata.ProtoBuf$Function::getValueParameter (14 bytes)
Event: 3.325 Thread 0x0000000017180000 nmethod 1895 0x0000000002bb8790 code [0x0000000002bb8900, 0x0000000002bb8c08]
Event: 3.325 Thread 0x0000000017180000 1898       3       org.jetbrains.kotlin.metadata.ProtoBuf$Function::getTypeParameterCount (10 bytes)
Event: 3.325 Thread 0x0000000017180000 nmethod 1898 0x0000000002bb8cd0 code [0x0000000002bb8e40, 0x0000000002bb9068]
Event: 3.325 Thread 0x0000000017180000 1900       3       org.jetbrains.kotlin.metadata.ProtoBuf$Function::hasName (16 bytes)
Event: 3.325 Thread 0x0000000017180000 nmethod 1900 0x0000000002bb9110 code [0x0000000002bb9260, 0x0000000002bb9410]
Event: 3.325 Thread 0x0000000017180000 1901       3       org.jetbrains.kotlin.metadata.ProtoBuf$Function::hasReturnType (18 bytes)
Event: 3.326 Thread 0x0000000017180000 nmethod 1901 0x0000000002bb9490 code [0x0000000002bb95e0, 0x0000000002bb9790]
Event: 3.326 Thread 0x0000000017180000 1902       3       org.jetbrains.kotlin.metadata.ProtoBuf$Function::hasReceiverType (18 bytes)
Event: 3.326 Thread 0x0000000017180000 nmethod 1902 0x0000000002bb9810 code [0x0000000002bb9960, 0x0000000002bb9b10]

GC Heap History (10 events):
Event: 1.022 GC heap before
{Heap before GC invocations=1 (full 0):
 PSYoungGen      total 38400K, used 33280K [0x00000000d5d00000, 0x00000000d8780000, 0x0000000100000000)
  eden space 33280K, 100% used [0x00000000d5d00000,0x00000000d7d80000,0x00000000d7d80000)
  from space 5120K, 0% used [0x00000000d8280000,0x00000000d8280000,0x00000000d8780000)
  to   space 5120K, 0% used [0x00000000d7d80000,0x00000000d7d80000,0x00000000d8280000)
 ParOldGen       total 87552K, used 0K [0x0000000081600000, 0x0000000086b80000, 0x00000000d5d00000)
  object space 87552K, 0% used [0x0000000081600000,0x0000000081600000,0x0000000086b80000)
 Metaspace       used 10000K, capacity 10220K, committed 10496K, reserved 1058816K
  class space    used 1104K, capacity 1180K, committed 1280K, reserved 1048576K
Event: 1.031 GC heap after
Heap after GC invocations=1 (full 0):
 PSYoungGen      total 38400K, used 5103K [0x00000000d5d00000, 0x00000000d8780000, 0x0000000100000000)
  eden space 33280K, 0% used [0x00000000d5d00000,0x00000000d5d00000,0x00000000d7d80000)
  from space 5120K, 99% used [0x00000000d7d80000,0x00000000d827bd88,0x00000000d8280000)
  to   space 5120K, 0% used [0x00000000d8280000,0x00000000d8280000,0x00000000d8780000)
 ParOldGen       total 87552K, used 2777K [0x0000000081600000, 0x0000000086b80000, 0x00000000d5d00000)
  object space 87552K, 3% used [0x0000000081600000,0x00000000818b67b8,0x0000000086b80000)
 Metaspace       used 10000K, capacity 10220K, committed 10496K, reserved 1058816K
  class space    used 1104K, capacity 1180K, committed 1280K, reserved 1048576K
}
Event: 2.087 GC heap before
{Heap before GC invocations=2 (full 0):
 PSYoungGen      total 38400K, used 38383K [0x00000000d5d00000, 0x00000000d8780000, 0x0000000100000000)
  eden space 33280K, 100% used [0x00000000d5d00000,0x00000000d7d80000,0x00000000d7d80000)
  from space 5120K, 99% used [0x00000000d7d80000,0x00000000d827bd88,0x00000000d8280000)
  to   space 5120K, 0% used [0x00000000d8280000,0x00000000d8280000,0x00000000d8780000)
 ParOldGen       total 87552K, used 2777K [0x0000000081600000, 0x0000000086b80000, 0x00000000d5d00000)
  object space 87552K, 3% used [0x0000000081600000,0x00000000818b67b8,0x0000000086b80000)
 Metaspace       used 16216K, capacity 16524K, committed 16640K, reserved 1064960K
  class space    used 1907K, capacity 2024K, committed 2048K, reserved 1048576K
Event: 2.102 GC heap after
Heap after GC invocations=2 (full 0):
 PSYoungGen      total 38400K, used 5110K [0x00000000d5d00000, 0x00000000d8780000, 0x0000000100000000)
  eden space 33280K, 0% used [0x00000000d5d00000,0x00000000d5d00000,0x00000000d7d80000)
  from space 5120K, 99% used [0x00000000d8280000,0x00000000d877d920,0x00000000d8780000)
  to   space 5120K, 0% used [0x00000000d7d80000,0x00000000d7d80000,0x00000000d8280000)
 ParOldGen       total 87552K, used 7889K [0x0000000081600000, 0x0000000086b80000, 0x00000000d5d00000)
  object space 87552K, 9% used [0x0000000081600000,0x0000000081db4480,0x0000000086b80000)
 Metaspace       used 16216K, capacity 16524K, committed 16640K, reserved 1064960K
  class space    used 1907K, capacity 2024K, committed 2048K, reserved 1048576K
}
Event: 2.516 GC heap before
{Heap before GC invocations=3 (full 0):
 PSYoungGen      total 38400K, used 22104K [0x00000000d5d00000, 0x00000000d8780000, 0x0000000100000000)
  eden space 33280K, 51% used [0x00000000d5d00000,0x00000000d6d989b8,0x00000000d7d80000)
  from space 5120K, 99% used [0x00000000d8280000,0x00000000d877d920,0x00000000d8780000)
  to   space 5120K, 0% used [0x00000000d7d80000,0x00000000d7d80000,0x00000000d8280000)
 ParOldGen       total 87552K, used 7889K [0x0000000081600000, 0x0000000086b80000, 0x00000000d5d00000)
  object space 87552K, 9% used [0x0000000081600000,0x0000000081db4480,0x0000000086b80000)
 Metaspace       used 20728K, capacity 21162K, committed 21296K, reserved 1069056K
  class space    used 2454K, capacity 2589K, committed 2608K, reserved 1048576K
Event: 2.526 GC heap after
Heap after GC invocations=3 (full 0):
 PSYoungGen      total 38400K, used 5104K [0x00000000d5d00000, 0x00000000d8780000, 0x0000000100000000)
  eden space 33280K, 0% used [0x00000000d5d00000,0x00000000d5d00000,0x00000000d7d80000)
  from space 5120K, 99% used [0x00000000d7d80000,0x00000000d827c010,0x00000000d8280000)
  to   space 5120K, 0% used [0x00000000d8280000,0x00000000d8280000,0x00000000d8780000)
 ParOldGen       total 87552K, used 11684K [0x0000000081600000, 0x0000000086b80000, 0x00000000d5d00000)
  object space 87552K, 13% used [0x0000000081600000,0x00000000821692a0,0x0000000086b80000)
 Metaspace       used 20728K, capacity 21162K, committed 21296K, reserved 1069056K
  class space    used 2454K, capacity 2589K, committed 2608K, reserved 1048576K
}
Event: 2.526 GC heap before
{Heap before GC invocations=4 (full 1):
 PSYoungGen      total 38400K, used 5104K [0x00000000d5d00000, 0x00000000d8780000, 0x0000000100000000)
  eden space 33280K, 0% used [0x00000000d5d00000,0x00000000d5d00000,0x00000000d7d80000)
  from space 5120K, 99% used [0x00000000d7d80000,0x00000000d827c010,0x00000000d8280000)
  to   space 5120K, 0% used [0x00000000d8280000,0x00000000d8280000,0x00000000d8780000)
 ParOldGen       total 87552K, used 11684K [0x0000000081600000, 0x0000000086b80000, 0x00000000d5d00000)
  object space 87552K, 13% used [0x0000000081600000,0x00000000821692a0,0x0000000086b80000)
 Metaspace       used 20728K, capacity 21162K, committed 21296K, reserved 1069056K
  class space    used 2454K, capacity 2589K, committed 2608K, reserved 1048576K
Event: 2.568 GC heap after
Heap after GC invocations=4 (full 1):
 PSYoungGen      total 38400K, used 0K [0x00000000d5d00000, 0x00000000d8780000, 0x0000000100000000)
  eden space 33280K, 0% used [0x00000000d5d00000,0x00000000d5d00000,0x00000000d7d80000)
  from space 5120K, 0% used [0x00000000d7d80000,0x00000000d7d80000,0x00000000d8280000)
  to   space 5120K, 0% used [0x00000000d8280000,0x00000000d8280000,0x00000000d8780000)
 ParOldGen       total 65536K, used 8753K [0x0000000081600000, 0x0000000085600000, 0x00000000d5d00000)
  object space 65536K, 13% used [0x0000000081600000,0x0000000081e8c448,0x0000000085600000)
 Metaspace       used 20728K, capacity 21162K, committed 21296K, reserved 1069056K
  class space    used 2454K, capacity 2589K, committed 2608K, reserved 1048576K
}
Event: 3.228 GC heap before
{Heap before GC invocations=5 (full 1):
 PSYoungGen      total 38400K, used 33280K [0x00000000d5d00000, 0x00000000d8780000, 0x0000000100000000)
  eden space 33280K, 100% used [0x00000000d5d00000,0x00000000d7d80000,0x00000000d7d80000)
  from space 5120K, 0% used [0x00000000d7d80000,0x00000000d7d80000,0x00000000d8280000)
  to   space 5120K, 0% used [0x00000000d8280000,0x00000000d8280000,0x00000000d8780000)
 ParOldGen       total 65536K, used 8753K [0x0000000081600000, 0x0000000085600000, 0x00000000d5d00000)
  object space 65536K, 13% used [0x0000000081600000,0x0000000081e8c448,0x0000000085600000)
 Metaspace       used 24082K, capacity 24586K, committed 24880K, reserved 1071104K
  class space    used 2887K, capacity 3020K, committed 3120K, reserved 1048576K
Event: 3.235 GC heap after
Heap after GC invocations=5 (full 1):
 PSYoungGen      total 38400K, used 5115K [0x00000000d5d00000, 0x00000000d9680000, 0x0000000100000000)
  eden space 33280K, 0% used [0x00000000d5d00000,0x00000000d5d00000,0x00000000d7d80000)
  from space 5120K, 99% used [0x00000000d8280000,0x00000000d877ed08,0x00000000d8780000)
  to   space 5120K, 0% used [0x00000000d7d80000,0x00000000d7d80000,0x00000000d8280000)
 ParOldGen       total 65536K, used 10966K [0x0000000081600000, 0x0000000085600000, 0x00000000d5d00000)
  object space 65536K, 16% used [0x0000000081600000,0x00000000820b5910,0x0000000085600000)
 Metaspace       used 24082K, capacity 24586K, committed 24880K, reserved 1071104K
  class space    used 2887K, capacity 3020K, committed 3120K, reserved 1048576K
}

Deoptimization events (10 events):
Event: 2.690 Thread 0x0000000002517000 Uncommon trap: reason=unstable_if action=reinterpret pc=0x000000000299ada4 method=java.lang.String.<init>([CII)V @ 18
Event: 2.754 Thread 0x0000000002517000 Uncommon trap: reason=unstable_if action=reinterpret pc=0x0000000002b2d69c method=org.jetbrains.kotlin.com.intellij.openapi.vfs.impl.ZipEntryMap.isTheOne(Lorg/jetbrains/kotlin/com/intellij/openapi/vfs/impl/ArchiveHandler$EntryInfo;Ljava/lang/CharSequence;
Event: 3.067 Thread 0x0000000002517000 Uncommon trap: reason=class_check action=maybe_recompile pc=0x0000000002b3c660 method=gnu.trove.TObjectHash.computeHashCode(Ljava/lang/Object;)I @ 5
Event: 3.067 Thread 0x0000000002517000 Uncommon trap: reason=class_check action=maybe_recompile pc=0x0000000002b3c660 method=gnu.trove.TObjectHash.computeHashCode(Ljava/lang/Object;)I @ 5
Event: 3.067 Thread 0x0000000002517000 Uncommon trap: reason=class_check action=maybe_recompile pc=0x0000000002b3c660 method=gnu.trove.TObjectHash.computeHashCode(Ljava/lang/Object;)I @ 5
Event: 3.067 Thread 0x0000000002517000 Uncommon trap: reason=class_check action=maybe_recompile pc=0x0000000002b3c660 method=gnu.trove.TObjectHash.computeHashCode(Ljava/lang/Object;)I @ 5
Event: 3.067 Thread 0x0000000002517000 Uncommon trap: reason=class_check action=maybe_recompile pc=0x0000000002b3c948 method=gnu.trove.TObjectHash.equals(Ljava/lang/Object;Ljava/lang/Object;)Z @ 6
Event: 3.070 Thread 0x0000000002517000 Uncommon trap: reason=class_check action=maybe_recompile pc=0x0000000002b3c948 method=gnu.trove.TObjectHash.equals(Ljava/lang/Object;Ljava/lang/Object;)Z @ 6
Event: 3.070 Thread 0x0000000002517000 Uncommon trap: reason=class_check action=maybe_recompile pc=0x0000000002b3c948 method=gnu.trove.TObjectHash.equals(Ljava/lang/Object;Ljava/lang/Object;)Z @ 6
Event: 3.070 Thread 0x0000000002517000 Uncommon trap: reason=class_check action=maybe_recompile pc=0x0000000002b3c948 method=gnu.trove.TObjectHash.equals(Ljava/lang/Object;Ljava/lang/Object;)Z @ 6

Classes redefined (0 events):
No events

Internal exceptions (10 events):
Event: 0.623 Thread 0x0000000002517000 Exception <a 'java/security/PrivilegedActionException'> (0x00000000d6adecd0) thrown at [D:\src\AOSP-openjdk-cygwin\jdk8u\hotspot\src\share\vm\prims\jvm.cpp, line 1502]
Event: 0.623 Thread 0x0000000002517000 Exception <a 'java/security/PrivilegedActionException'> (0x00000000d6adf0c8) thrown at [D:\src\AOSP-openjdk-cygwin\jdk8u\hotspot\src\share\vm\prims\jvm.cpp, line 1502]
Event: 0.893 Thread 0x0000000002517000 Exception <a 'java/lang/ArrayIndexOutOfBoundsException'> (0x00000000d77d4050) thrown at [D:\src\AOSP-openjdk-cygwin\jdk8u\hotspot\src\share\vm\runtime\sharedRuntime.cpp, line 605]
Event: 1.198 Thread 0x0000000002517000 Exception <a 'java/lang/ArrayIndexOutOfBoundsException'> (0x00000000d6106768) thrown at [D:\src\AOSP-openjdk-cygwin\jdk8u\hotspot\src\share\vm\runtime\sharedRuntime.cpp, line 605]
Event: 1.991 Thread 0x0000000002517000 Implicit null exception at 0x00000000028d4caf to 0x00000000028d4d19
Event: 2.077 Thread 0x0000000002517000 Exception <a 'java/lang/NoSuchMethodError': java.lang.Object.lambda$comparing$77a9974f$1(Ljava/util/function/Function;Ljava/lang/Object;Ljava/lang/Object;)I> (0x00000000d7d2ed08) thrown at [D:\src\AOSP-openjdk-cygwin\jdk8u\hotspot\src\share\vm\interpreter
Event: 2.117 Thread 0x0000000002517000 Exception <a 'java/lang/NoSuchMethodError': java.lang.Object.lambda$static$0()J> (0x00000000d5da8ce8) thrown at [D:\src\AOSP-openjdk-cygwin\jdk8u\hotspot\src\share\vm\interpreter\linkResolver.cpp, line 620]
Event: 2.316 Thread 0x0000000002517000 Exception <a 'java/lang/NoSuchMethodError': java.lang.Object.lambda$static$0(I)[Lorg/jetbrains/kotlin/com/intellij/openapi/editor/event/DocumentListener;> (0x00000000d64e5d38) thrown at [D:\src\AOSP-openjdk-cygwin\jdk8u\hotspot\src\share\vm\interpreter\li
Event: 2.364 Thread 0x0000000002517000 Exception <a 'java/lang/NoSuchMethodError': java.lang.Object.lambda$static$0(I)[Lorg/jetbrains/kotlin/com/intellij/psi/PsiAnnotation;> (0x00000000d66e7460) thrown at [D:\src\AOSP-openjdk-cygwin\jdk8u\hotspot\src\share\vm\interpreter\linkResolver.cpp, line
Event: 2.504 Thread 0x0000000002517000 Exception <a 'java/lang/NoSuchMethodError': java.lang.Object.lambda$static$0(I)[Lorg/jetbrains/kotlin/com/intellij/psi/PsiElement;> (0x00000000d6c95480) thrown at [D:\src\AOSP-openjdk-cygwin\jdk8u\hotspot\src\share\vm\interpreter\linkResolver.cpp, line 62

Events (10 events):
Event: 3.297 loading class org/jetbrains/kotlin/metadata/ProtoBuf$Type$Argument$Projection$1
Event: 3.297 loading class org/jetbrains/kotlin/metadata/ProtoBuf$Type$Argument$Projection$1 done
Event: 3.299 loading class org/jetbrains/kotlin/metadata/ProtoBuf$Annotation$Argument$Value$Builder
Event: 3.299 loading class org/jetbrains/kotlin/metadata/ProtoBuf$Annotation$Argument$Value$Builder done
Event: 3.323 loading class org/jetbrains/kotlin/metadata/deserialization/NameResolverImpl
Event: 3.323 loading class org/jetbrains/kotlin/metadata/deserialization/NameResolverImpl done
Event: 3.324 loading class org/jetbrains/kotlin/metadata/deserialization/NameResolver
Event: 3.324 loading class org/jetbrains/kotlin/metadata/deserialization/NameResolver done
Event: 3.325 loading class org/jetbrains/kotlin/serialization/deserialization/ProtoBasedClassDataFinder
Event: 3.325 loading class org/jetbrains/kotlin/serialization/deserialization/ProtoBasedClassDataFinder done


Dynamic libraries:
0x00007ff7214a0000 - 0x00007ff7214d1000 	C:\Program Files\Android\Android Studio\jre\jre\bin\java.exe
0x00007ffbd1830000 - 0x00007ffbd1a1d000 	C:\Windows\SYSTEM32\ntdll.dll
0x00007ffbd1590000 - 0x00007ffbd1643000 	C:\Windows\System32\KERNEL32.DLL
0x00007ffbcd900000 - 0x00007ffbcdb93000 	C:\Windows\System32\KERNELBASE.dll
0x00007ffbd1050000 - 0x00007ffbd10f3000 	C:\Windows\System32\ADVAPI32.dll
0x00007ffbcedb0000 - 0x00007ffbcee4e000 	C:\Windows\System32\msvcrt.dll
0x00007ffbd04e0000 - 0x00007ffbd057e000 	C:\Windows\System32\sechost.dll
0x00007ffbd0da0000 - 0x00007ffbd0ec2000 	C:\Windows\System32\RPCRT4.dll
0x00007ffbd06b0000 - 0x00007ffbd0847000 	C:\Windows\System32\USER32.dll
0x00007ffbcdbc0000 - 0x00007ffbcdbe0000 	C:\Windows\System32\win32u.dll
0x00007ffbcee50000 - 0x00007ffbcee79000 	C:\Windows\System32\GDI32.dll
0x00007ffbce090000 - 0x00007ffbce22a000 	C:\Windows\System32\gdi32full.dll
0x00007ffbcddc0000 - 0x00007ffbcde60000 	C:\Windows\System32\msvcp_win.dll
0x00007ffbcdf10000 - 0x00007ffbce00a000 	C:\Windows\System32\ucrtbase.dll
0x00007ffbc1cc0000 - 0x00007ffbc1f39000 	C:\Windows\WinSxS\amd64_microsoft.windows.common-controls_6595b64144ccf1df_6.0.17763.437_none_05b63dca071e5dd6\COMCTL32.dll
0x00007ffbd1260000 - 0x00007ffbd158c000 	C:\Windows\System32\combase.dll
0x00007ffbce010000 - 0x00007ffbce08e000 	C:\Windows\System32\bcryptPrimitives.dll
0x00007ffbcebd0000 - 0x00007ffbcebfe000 	C:\Windows\System32\IMM32.DLL
0x000000005df70000 - 0x000000005e042000 	C:\Program Files\Android\Android Studio\jre\jre\bin\msvcr100.dll
0x000000005e210000 - 0x000000005ea56000 	C:\Program Files\Android\Android Studio\jre\jre\bin\server\jvm.dll
0x00007ffbd0430000 - 0x00007ffbd0438000 	C:\Windows\System32\PSAPI.DLL
0x00007ffbc8bd0000 - 0x00007ffbc8bf4000 	C:\Windows\SYSTEM32\WINMM.dll
0x00007ffbc8cc0000 - 0x00007ffbc8cc9000 	C:\Windows\SYSTEM32\WSOCK32.dll
0x00007ffbc3130000 - 0x00007ffbc313a000 	C:\Windows\SYSTEM32\VERSION.dll
0x00007ffbd0fe0000 - 0x00007ffbd104d000 	C:\Windows\System32\WS2_32.dll
0x00007ffbc8ba0000 - 0x00007ffbc8bcd000 	C:\Windows\SYSTEM32\winmmbase.dll
0x00007ffbcde60000 - 0x00007ffbcdeaa000 	C:\Windows\System32\cfgmgr32.dll
0x00007ffbc8cb0000 - 0x00007ffbc8cbf000 	C:\Program Files\Android\Android Studio\jre\jre\bin\verify.dll
0x00007ffbc8720000 - 0x00007ffbc8749000 	C:\Program Files\Android\Android Studio\jre\jre\bin\java.dll
0x00007ffbc8700000 - 0x00007ffbc8716000 	C:\Program Files\Android\Android Studio\jre\jre\bin\zip.dll
0x00007ffbcef40000 - 0x00007ffbd0430000 	C:\Windows\System32\SHELL32.dll
0x00007ffbd0f30000 - 0x00007ffbd0fd8000 	C:\Windows\System32\shcore.dll
0x00007ffbce260000 - 0x00007ffbce9aa000 	C:\Windows\System32\windows.storage.dll
0x00007ffbcd830000 - 0x00007ffbcd854000 	C:\Windows\System32\profapi.dll
0x00007ffbcd880000 - 0x00007ffbcd8dd000 	C:\Windows\System32\powrprof.dll
0x00007ffbd0ed0000 - 0x00007ffbd0f22000 	C:\Windows\System32\shlwapi.dll
0x00007ffbcd860000 - 0x00007ffbcd871000 	C:\Windows\System32\kernel.appcore.dll
0x00007ffbcdba0000 - 0x00007ffbcdbb7000 	C:\Windows\System32\cryptsp.dll
0x00007ffbbede0000 - 0x00007ffbbedfa000 	C:\Program Files\Android\Android Studio\jre\jre\bin\net.dll
0x00007ffbbfe50000 - 0x00007ffbc0026000 	C:\Windows\SYSTEM32\urlmon.dll
0x00007ffbc04a0000 - 0x00007ffbc0748000 	C:\Windows\SYSTEM32\iertutil.dll
0x00007ffbcd280000 - 0x00007ffbcd28c000 	C:\Windows\SYSTEM32\CRYPTBASE.DLL
0x00007ffbcd0b0000 - 0x00007ffbcd117000 	C:\Windows\system32\mswsock.dll
0x00007ffbbedc0000 - 0x00007ffbbedd3000 	C:\Program Files\Android\Android Studio\jre\jre\bin\nio.dll

VM Arguments:
java_command: org.jetbrains.kotlin.cli.jvm.K2JVMCompiler -Xallow-no-source-files -classpath C:\Users\Admin\Desktop\RunStatistic\TestBasic\app\build\intermediates\compile_and_runtime_not_namespaced_r_class_jar\debug\R.jar;C:\Users\Admin\.gradle\caches\transforms-2\files-2.1\ac133f4f7b59ea808d5dde8f87520393\jetified-kotlin-android-extensions-runtime-1.3.61.jar;C:\Users\Admin\.gradle\caches\transforms-2\files-2.1\e249d585a9e0aaea80ea7d36d9b03247\jetified-kotlin-stdlib-jdk7-1.3.61.jar;C:\Users\Admin\.gradle\caches\transforms-2\files-2.1\dd13d13721962e48e761bf7fd52bda5c\jetified-core-ktx-1.3.0-api.jar;C:\Users\Admin\.gradle\caches\transforms-2\files-2.1\6093f24a33cdac239dc96d0177b49fe7\work-runtime-ktx-2.0.0-api.jar;C:\Users\Admin\.gradle\caches\transforms-2\files-2.1\dcee8d0c1e6aa6ac219147a11ef65116\jetified-kotlinx-coroutines-android-1.3.3.jar;C:\Users\Admin\.gradle\caches\transforms-2\files-2.1\9e8100b8785a27959ae300b4ef965558\jetified-retrofit2-kotlin-coroutines-adapter-0.9.2.jar;C:\Users\Admin\.gradle\caches\transforms-2\files-2.1\f6ff968070925d2653e6da62e25c5ad2\jetified-kotlinx-coroutines-core-1.3.3.jar;C:\Users\Admin\.gradle\caches\transforms-2\files-2.1\0338847861440462917d47cb959fff74\jetified-kotlin-stdlib-1.3.71.jar;C:\Users\Admin\.gradle\caches\transforms-2\files-2.1\09d3e490b35dfcfa28b6144da512684f\jetified-kotlin-stdlib-common-1.3.71.jar;C:\Users\Admin\.gradle\caches\transforms-2\files-2.1\67a68da6377c1fe62da3f856ae16ad16\jetified-annotations-13.0.jar;C:\Users\Admin\.gradle\caches\transforms-2\files-2.1\26251c872424f803c0c5ee3c3962b0fe\appcompat-1.1.0-api.jar;C:\Users\Admin\.gradle\caches\transforms-2\files-2.1\2a6b4d529df9df4778bbfdef171e0b1a\work-runtime-2.0.0-api.jar;C:\Users\Admin\.gradle\caches\transforms-2\files-2.1\513522c2bb068bcf33105fff04bfaf68\lifecycle-extensions-2.0.0-api.jar;C:\Users\Admin\.gradle\caches\transforms-2\files-2.1\3e5a85307b5245d9b9f194828d813a33\fragment-1.1.0-api.jar;C:\Users\Admin\.gradle\caches\transforms-2\files-2.1\dc962f
java_class_path (initial): C:\Users\Admin\.gradle\caches\modules-2\files-2.1\org.jetbrains.kotlin\kotlin-compiler-embeddable\1.3.61\c35c0833d5a1e3d229359758482c480306724618\kotlin-compiler-embeddable-1.3.61.jar;C:\Users\Admin\.gradle\caches\modules-2\files-2.1\org.jetbrains.kotlin\kotlin-reflect\1.3.61\2e07c9a84c9e118efb70eede7e579fd663932122\kotlin-reflect-1.3.61.jar;C:\Users\Admin\.gradle\caches\modules-2\files-2.1\org.jetbrains.kotlin\kotlin-stdlib\1.3.61\4702105e97f7396ae41b113fdbdc180ec1eb1e36\kotlin-stdlib-1.3.61.jar;C:\Users\Admin\.gradle\caches\modules-2\files-2.1\org.jetbrains.kotlin\kotlin-script-runtime\1.3.61\e5feb39c8de63dcbdc1154b34ca4413874231605\kotlin-script-runtime-1.3.61.jar;C:\Users\Admin\.gradle\caches\modules-2\files-2.1\org.jetbrains.kotlin\kotlin-daemon-embeddable\1.3.61\4de83e41a92c8395d89ab2e81d26b788ba163824\kotlin-daemon-embeddable-1.3.61.jar;C:\Users\Admin\.gradle\caches\modules-2\files-2.1\org.jetbrains.intellij.deps\trove4j\1.0.20181211\216c2e14b070f334479d800987affe4054cd563f\trove4j-1.0.20181211.jar;C:\Users\Admin\.gradle\caches\modules-2\files-2.1\org.jetbrains.kotlin\kotlin-stdlib-common\1.3.61\65abb71d5afb850b68be03987b08e2c864ca3110\kotlin-stdlib-common-1.3.61.jar;C:\Users\Admin\.gradle\caches\modules-2\files-2.1\org.jetbrains\annotations\13.0\919f0dfe192fb4e063e7dacadee7f8bb9a2672a9\annotations-13.0.jar;C:\Program Files\Android\Android Studio\jre\lib\tools.jar
Launcher Type: SUN_STANDARD

Environment Variables:
PATH=C:\Python27\;C:\Python27\Scripts;C:\Windows\system32;C:\Windows;C:\Windows\System32\Wbem;C:\Windows\System32\WindowsPowerShell\v1.0\;C:\Windows\System32\OpenSSH\;C:\Program Files\dotnet\;C:\Program Files\Microsoft SQL Server\130\Tools\Binn\;c:\code\depot_tools;C:\Program Files\TortoiseGit\bin;C:\Users\Admin\Downloads\ninja-win;D:\DevTools\Tan\DevTools\sdk\platform-tools;C:\Program Files (x86)\QuickTime\QTSystem\;C:\Program Files\Git\cmd;C:\Program Files\Java\jdk1.8.0_241\bin;C:\Program Files\Java\jre1.8.0_241;C:\Program Files\Java\jre1.8.0_241\bin;C:\Program Files\Java\jdk1.8.0_241;C:\Program Files (x86)\VietPN;C:\Users\Admin\AppData\Local\Programs\Python\Python38\Scripts\;C:\Users\Admin\AppData\Local\Programs\Python\Python38\;C:\Users\Admin\AppData\Local\Microsoft\WindowsApps;c:\code\depot_tools;C:\Users\Admin\AppData\Local\Programs\Fiddler
USERNAME=Admin
OS=Windows_NT
PROCESSOR_IDENTIFIER=Intel64 Family 6 Model 61 Stepping 4, GenuineIntel



---------------  S Y S T E M  ---------------

OS: Windows 10.0 , 64 bit Build 17763 (10.0.17763.437)

CPU:total 4 (initial active 4) (2 cores per cpu, 2 threads per core) family 6 model 61 stepping 4, cmov, cx8, fxsr, mmx, sse, sse2, sse3, ssse3, sse4.1, sse4.2, popcnt, avx, avx2, aes, clmul, erms, 3dnowpref, lzcnt, ht, tsc, tscinvbit, bmi1, bmi2, adx

Memory: 4k page, physical 8297972k(153352k free), swap 12443124k(6284k free)

vm_info: OpenJDK 64-Bit Server VM (25.212-b04) for windows-amd64 JRE (1.8.0_212-release-1586-b04), built by "builder" with MS VC++ 10.0 (VS2010)

time: Wed Jun 24 20:35:59 2020
timezone: SE Asia Standard Time
elapsed time: 3 seconds (0d 0h 0m 3s)

